2015-07-06 10:17:49 =CRASH REPORT====
  crasher:
    initial call: supervisor:ranch_acceptors_sup/1
    pid: <0.307.0>
    registered_name: []
    exception exit: {{{badmatch,{error,eaddrinuse}},[{ranch_acceptors_sup,init,1,[{file,"src/ranch_acceptors_sup.erl"},{line,30}]},{supervisor,init,1,[{file,"supervisor.erl"},{line,243}]},{gen_server,init_it,6,[{file,"gen_server.erl"},{line,306}]},{proc_lib,init_p_do_apply,3,[{file,"proc_lib.erl"},{line,239}]}]},[{gen_server,init_it,6,[{file,"gen_server.erl"},{line,330}]},{proc_lib,init_p_do_apply,3,[{file,"proc_lib.erl"},{line,239}]}]}
    ancestors: [<0.305.0>,ranch_sup,<0.293.0>]
    messages: []
    links: [<0.305.0>]
    dictionary: []
    trap_exit: true
    status: running
    heap_size: 610
    stack_size: 27
    reductions: 649
  neighbours:
2015-07-06 10:17:49 =SUPERVISOR REPORT====
     Supervisor: {<0.305.0>,ranch_listener_sup}
     Context:    start_error
     Reason:     {{badmatch,{error,eaddrinuse}},[{ranch_acceptors_sup,init,1,[{file,"src/ranch_acceptors_sup.erl"},{line,30}]},{supervisor,init,1,[{file,"supervisor.erl"},{line,243}]},{gen_server,init_it,6,[{file,"gen_server.erl"},{line,306}]},{proc_lib,init_p_do_apply,3,[{file,"proc_lib.erl"},{line,239}]}]}
     Offender:   [{pid,undefined},{name,ranch_acceptors_sup},{mfargs,{ranch_acceptors_sup,start_link,[http_g17,10,ranch_tcp,[{port,18880},{max_connections,3000}]]}},{restart_type,permanent},{shutdown,infinity},{child_type,supervisor}]

2015-07-06 10:23:44 =CRASH REPORT====
  crasher:
    initial call: supervisor:ranch_acceptors_sup/1
    pid: <0.388.0>
    registered_name: []
    exception exit: {{{badmatch,{error,eaddrinuse}},[{ranch_acceptors_sup,init,1,[{file,"src/ranch_acceptors_sup.erl"},{line,30}]},{supervisor,init,1,[{file,"supervisor.erl"},{line,243}]},{gen_server,init_it,6,[{file,"gen_server.erl"},{line,306}]},{proc_lib,init_p_do_apply,3,[{file,"proc_lib.erl"},{line,239}]}]},[{gen_server,init_it,6,[{file,"gen_server.erl"},{line,330}]},{proc_lib,init_p_do_apply,3,[{file,"proc_lib.erl"},{line,239}]}]}
    ancestors: [<0.386.0>,ranch_sup,<0.367.0>]
    messages: []
    links: [<0.386.0>]
    dictionary: []
    trap_exit: true
    status: running
    heap_size: 610
    stack_size: 27
    reductions: 649
  neighbours:
2015-07-06 10:23:44 =SUPERVISOR REPORT====
     Supervisor: {<0.386.0>,ranch_listener_sup}
     Context:    start_error
     Reason:     {{badmatch,{error,eaddrinuse}},[{ranch_acceptors_sup,init,1,[{file,"src/ranch_acceptors_sup.erl"},{line,30}]},{supervisor,init,1,[{file,"supervisor.erl"},{line,243}]},{gen_server,init_it,6,[{file,"gen_server.erl"},{line,306}]},{proc_lib,init_p_do_apply,3,[{file,"proc_lib.erl"},{line,239}]}]}
     Offender:   [{pid,undefined},{name,ranch_acceptors_sup},{mfargs,{ranch_acceptors_sup,start_link,[http_g17,10,ranch_tcp,[{port,18880},{max_connections,3000}]]}},{restart_type,permanent},{shutdown,infinity},{child_type,supervisor}]

2015-07-13 11:48:16 =ERROR REPORT====
Mnesia('p02_db_disc_2@192.168.1.145'): ** ERROR ** (core dumped to file: "/home/li/server_p02/MnesiaCore.p02_db_disc_2@192.168.1.145_1436_759296_381651")
 ** FATAL ** mnesia_tm crashed: {badarg,[{erlang,unlink,[undefined],[]},{mnesia_controller,release_schema_commit_lock,0,[{file,"mnesia_controller.erl"},{line,314}]},{mnesia_dumper,update,3,[{file,"mnesia_dumper.erl"},{line,274}]},{mnesia_tm,do_commit,3,[{file,"mnesia_tm.erl"},{line,1783}]},{mnesia_tm,recover_coordinator,2,[{file,"mnesia_tm.erl"},{line,593}]},{mnesia_tm,handle_exit,3,[{file,"mnesia_tm.erl"},{line,566}]},{mnesia_sp,init_proc,4,[{file,"mnesia_sp.erl"},{line,32}]},{proc_lib,init_p_do_apply,3,[{file,"proc_lib.erl"},{line,239}]}]} state: [<0.135.0>]
2015-07-13 11:48:26 =ERROR REPORT====
** Generic server mnesia_monitor terminating 
** Last message in was {'EXIT',<0.135.0>,killed}
** When Server state == {state,<0.135.0>,[],[],true,[],undefined,[],[]}
** Reason for termination == 
** killed
2015-07-13 11:48:26 =ERROR REPORT====
** Generic server mnesia_recover terminating 
** Last message in was {'EXIT',<0.135.0>,killed}
** When Server state == {state,<0.135.0>,undefined,undefined,undefined,0,false,true,[]}
** Reason for termination == 
** killed
2015-07-13 11:48:26 =CRASH REPORT====
  crasher:
    initial call: mnesia_recover:init/1
    pid: <0.139.0>
    registered_name: mnesia_recover
    exception exit: {killed,[{gen_server,terminate,6,[{file,"gen_server.erl"},{line,746}]},{proc_lib,init_p_do_apply,3,[{file,"proc_lib.erl"},{line,239}]}]}
    ancestors: [mnesia_kernel_sup,mnesia_sup,<0.132.0>]
    messages: []
    links: []
    dictionary: []
    trap_exit: true
    status: running
    heap_size: 987
    stack_size: 27
    reductions: 38064
  neighbours:
2015-07-13 11:48:26 =ERROR REPORT====
Mnesia('p02_db_disc_2@192.168.1.145'): ** ERROR ** mnesia_event got unexpected event: {'EXIT',<0.137.0>,killed}
2015-07-13 11:48:26 =CRASH REPORT====
  crasher:
    initial call: gen_event:init_it/6
    pid: <0.134.0>
    registered_name: mnesia_event
    exception exit: {killed,[{gen_event,terminate_server,4,[{file,"gen_event.erl"},{line,304}]},{proc_lib,init_p_do_apply,3,[{file,"proc_lib.erl"},{line,239}]}]}
    ancestors: [mnesia_sup,<0.132.0>]
    messages: []
    links: []
    dictionary: []
    trap_exit: true
    status: running
    heap_size: 1598
    stack_size: 27
    reductions: 690
  neighbours:
2015-07-13 12:18:57 =CRASH REPORT====
  crasher:
    initial call: supervisor:ranch_acceptors_sup/1
    pid: <0.204.0>
    registered_name: []
    exception exit: {{{badmatch,{error,eaddrinuse}},[{ranch_acceptors_sup,init,1,[{file,"src/ranch_acceptors_sup.erl"},{line,30}]},{supervisor,init,1,[{file,"supervisor.erl"},{line,243}]},{gen_server,init_it,6,[{file,"gen_server.erl"},{line,306}]},{proc_lib,init_p_do_apply,3,[{file,"proc_lib.erl"},{line,239}]}]},[{gen_server,init_it,6,[{file,"gen_server.erl"},{line,330}]},{proc_lib,init_p_do_apply,3,[{file,"proc_lib.erl"},{line,239}]}]}
    ancestors: [<0.202.0>,ranch_sup,<0.193.0>]
    messages: []
    links: [<0.202.0>]
    dictionary: []
    trap_exit: true
    status: running
    heap_size: 610
    stack_size: 27
    reductions: 649
  neighbours:
2015-07-13 12:18:57 =SUPERVISOR REPORT====
     Supervisor: {<0.202.0>,ranch_listener_sup}
     Context:    start_error
     Reason:     {{badmatch,{error,eaddrinuse}},[{ranch_acceptors_sup,init,1,[{file,"src/ranch_acceptors_sup.erl"},{line,30}]},{supervisor,init,1,[{file,"supervisor.erl"},{line,243}]},{gen_server,init_it,6,[{file,"gen_server.erl"},{line,306}]},{proc_lib,init_p_do_apply,3,[{file,"proc_lib.erl"},{line,239}]}]}
     Offender:   [{pid,undefined},{name,ranch_acceptors_sup},{mfargs,{ranch_acceptors_sup,start_link,[http_g17,10,ranch_tcp,[{port,18880},{max_connections,3000}]]}},{restart_type,permanent},{shutdown,infinity},{child_type,supervisor}]

2015-07-13 13:30:05 =CRASH REPORT====
  crasher:
    initial call: supervisor:ranch_acceptors_sup/1
    pid: <0.207.0>
    registered_name: []
    exception exit: {{{badmatch,{error,eaddrinuse}},[{ranch_acceptors_sup,init,1,[{file,"src/ranch_acceptors_sup.erl"},{line,30}]},{supervisor,init,1,[{file,"supervisor.erl"},{line,243}]},{gen_server,init_it,6,[{file,"gen_server.erl"},{line,306}]},{proc_lib,init_p_do_apply,3,[{file,"proc_lib.erl"},{line,239}]}]},[{gen_server,init_it,6,[{file,"gen_server.erl"},{line,330}]},{proc_lib,init_p_do_apply,3,[{file,"proc_lib.erl"},{line,239}]}]}
    ancestors: [<0.205.0>,ranch_sup,<0.196.0>]
    messages: []
    links: [<0.205.0>]
    dictionary: []
    trap_exit: true
    status: running
    heap_size: 610
    stack_size: 27
    reductions: 649
  neighbours:
2015-07-13 13:30:05 =SUPERVISOR REPORT====
     Supervisor: {<0.205.0>,ranch_listener_sup}
     Context:    start_error
     Reason:     {{badmatch,{error,eaddrinuse}},[{ranch_acceptors_sup,init,1,[{file,"src/ranch_acceptors_sup.erl"},{line,30}]},{supervisor,init,1,[{file,"supervisor.erl"},{line,243}]},{gen_server,init_it,6,[{file,"gen_server.erl"},{line,306}]},{proc_lib,init_p_do_apply,3,[{file,"proc_lib.erl"},{line,239}]}]}
     Offender:   [{pid,undefined},{name,ranch_acceptors_sup},{mfargs,{ranch_acceptors_sup,start_link,[http_g17,10,ranch_tcp,[{port,18880},{max_connections,3000}]]}},{restart_type,permanent},{shutdown,infinity},{child_type,supervisor}]

2015-07-13 18:45:15 =CRASH REPORT====
  crasher:
    initial call: application_master:init/4
    pid: <0.218.0>
    registered_name: []
    exception exit: {{bad_return,{{server_app,start,[normal,[]]},{'EXIT',{aborted,{no_exists,[league_1]}}}}},[{application_master,init,4,[{file,"application_master.erl"},{line,133}]},{proc_lib,init_p_do_apply,3,[{file,"proc_lib.erl"},{line,239}]}]}
    ancestors: [<0.217.0>]
    messages: [{'EXIT',<0.219.0>,normal}]
    links: [<0.217.0>,<0.7.0>]
    dictionary: []
    trap_exit: true
    status: running
    heap_size: 1598
    stack_size: 27
    reductions: 193
  neighbours:
2015-07-13 18:46:44 =CRASH REPORT====
  crasher:
    initial call: application_master:init/4
    pid: <0.218.0>
    registered_name: []
    exception exit: {{bad_return,{{server_app,start,[normal,[]]},{'EXIT',{no_exists,{league_1,wild_pattern}}}}},[{application_master,init,4,[{file,"application_master.erl"},{line,133}]},{proc_lib,init_p_do_apply,3,[{file,"proc_lib.erl"},{line,239}]}]}
    ancestors: [<0.217.0>]
    messages: [{'EXIT',<0.219.0>,normal}]
    links: [<0.217.0>,<0.7.0>]
    dictionary: []
    trap_exit: true
    status: running
    heap_size: 1598
    stack_size: 27
    reductions: 193
  neighbours:
2015-07-13 18:48:21 =CRASH REPORT====
  crasher:
    initial call: mod_cross_league_fight:init/1
    pid: <0.347.0>
    registered_name: []
    exception exit: {{aborted,{no_exists,server_config,attributes}},[{gen_server,init_it,6,[{file,"gen_server.erl"},{line,330}]},{proc_lib,init_p_do_apply,3,[{file,"proc_lib.erl"},{line,239}]}]}
    ancestors: [server_sup,server]
    messages: []
    links: [<0.244.0>]
    dictionary: []
    trap_exit: false
    status: running
    heap_size: 987
    stack_size: 27
    reductions: 153
  neighbours:
2015-07-13 19:09:19 =CRASH REPORT====
  crasher:
    initial call: application_master:init/4
    pid: <0.218.0>
    registered_name: []
    exception exit: {{bad_return,{{server_app,start,[normal,[]]},{'EXIT',{function_clause,[{lists,map,[#Fun<mnesia_table.8.1402077>,2],[{file,"lists.erl"},{line,1236}]},{mnesia_table,'-definitions/0-fun-1-',3,[{file,"mnesia_table.erl"},{line,294}]},{lists,foldl,3,[{file,"lists.erl"},{line,1261}]},{mnesia_table,create,0,[{file,"mnesia_table.erl"},{line,23}]},{mnesia_misc,create_schema,0,[{file,"mnesia_misc.erl"},{line,256}]},{mnesia_misc,init_db,3,[{file,"mnesia_misc.erl"},{line,139}]},{mnesia_misc,init,0,[{file,"mnesia_misc.erl"},{line,30}]},{server_app,start,2,[{file,"src/server_app.erl"},{line,33}]}]}}}},[{application_master,init,4,[{file,"application_master.erl"},{line,133}]},{proc_lib,init_p_do_apply,3,[{file,"proc_lib.erl"},{line,239}]}]}
    ancestors: [<0.217.0>]
    messages: [{'EXIT',<0.219.0>,normal}]
    links: [<0.217.0>,<0.7.0>]
    dictionary: []
    trap_exit: true
    status: running
    heap_size: 2586
    stack_size: 27
    reductions: 298
  neighbours:
2015-07-14 17:28:12 =CRASH REPORT====
  crasher:
    initial call: supervisor:ranch_acceptors_sup/1
    pid: <0.200.0>
    registered_name: []
    exception exit: {{{badmatch,{error,eaddrinuse}},[{ranch_acceptors_sup,init,1,[{file,"src/ranch_acceptors_sup.erl"},{line,30}]},{supervisor,init,1,[{file,"supervisor.erl"},{line,243}]},{gen_server,init_it,6,[{file,"gen_server.erl"},{line,306}]},{proc_lib,init_p_do_apply,3,[{file,"proc_lib.erl"},{line,239}]}]},[{gen_server,init_it,6,[{file,"gen_server.erl"},{line,330}]},{proc_lib,init_p_do_apply,3,[{file,"proc_lib.erl"},{line,239}]}]}
    ancestors: [<0.198.0>,ranch_sup,<0.189.0>]
    messages: []
    links: [<0.198.0>]
    dictionary: []
    trap_exit: true
    status: running
    heap_size: 610
    stack_size: 27
    reductions: 649
  neighbours:
2015-07-14 17:28:12 =SUPERVISOR REPORT====
     Supervisor: {<0.198.0>,ranch_listener_sup}
     Context:    start_error
     Reason:     {{badmatch,{error,eaddrinuse}},[{ranch_acceptors_sup,init,1,[{file,"src/ranch_acceptors_sup.erl"},{line,30}]},{supervisor,init,1,[{file,"supervisor.erl"},{line,243}]},{gen_server,init_it,6,[{file,"gen_server.erl"},{line,306}]},{proc_lib,init_p_do_apply,3,[{file,"proc_lib.erl"},{line,239}]}]}
     Offender:   [{pid,undefined},{name,ranch_acceptors_sup},{mfargs,{ranch_acceptors_sup,start_link,[http_g17,10,ranch_tcp,[{port,18880},{max_connections,3000}]]}},{restart_type,permanent},{shutdown,infinity},{child_type,supervisor}]

2015-07-15 18:55:52 =CRASH REPORT====
  crasher:
    initial call: application_master:init/4
    pid: <0.205.0>
    registered_name: []
    exception exit: {{bad_return,{{server_app,start,[normal,[]]},{'EXIT',{aborted,{no_exists,async_arena_rank_8,storage_type}}}}},[{application_master,init,4,[{file,"application_master.erl"},{line,133}]},{proc_lib,init_p_do_apply,3,[{file,"proc_lib.erl"},{line,239}]}]}
    ancestors: [<0.204.0>]
    messages: [{'EXIT',<0.206.0>,normal}]
    links: [<0.204.0>,<0.7.0>]
    dictionary: []
    trap_exit: true
    status: running
    heap_size: 1598
    stack_size: 27
    reductions: 193
  neighbours:
2015-07-15 19:09:41 =CRASH REPORT====
  crasher:
    initial call: application_master:init/4
    pid: <0.205.0>
    registered_name: []
    exception exit: {{bad_return,{{server_app,start,[normal,[]]},{'EXIT',{aborted,{no_exists,async_arena_rank_8,storage_type}}}}},[{application_master,init,4,[{file,"application_master.erl"},{line,133}]},{proc_lib,init_p_do_apply,3,[{file,"proc_lib.erl"},{line,239}]}]}
    ancestors: [<0.204.0>]
    messages: [{'EXIT',<0.206.0>,normal}]
    links: [<0.204.0>,<0.7.0>]
    dictionary: []
    trap_exit: true
    status: running
    heap_size: 1598
    stack_size: 27
    reductions: 193
  neighbours:
2015-07-15 19:10:19 =CRASH REPORT====
  crasher:
    initial call: supervisor:ranch_acceptors_sup/1
    pid: <0.621.0>
    registered_name: []
    exception exit: {{{badmatch,{error,eaddrinuse}},[{ranch_acceptors_sup,init,1,[{file,"src/ranch_acceptors_sup.erl"},{line,30}]},{supervisor,init,1,[{file,"supervisor.erl"},{line,243}]},{gen_server,init_it,6,[{file,"gen_server.erl"},{line,306}]},{proc_lib,init_p_do_apply,3,[{file,"proc_lib.erl"},{line,239}]}]},[{gen_server,init_it,6,[{file,"gen_server.erl"},{line,330}]},{proc_lib,init_p_do_apply,3,[{file,"proc_lib.erl"},{line,239}]}]}
    ancestors: [<0.619.0>,ranch_sup,<0.610.0>]
    messages: []
    links: [<0.619.0>]
    dictionary: []
    trap_exit: true
    status: running
    heap_size: 610
    stack_size: 27
    reductions: 649
  neighbours:
2015-07-15 19:10:19 =SUPERVISOR REPORT====
     Supervisor: {<0.619.0>,ranch_listener_sup}
     Context:    start_error
     Reason:     {{badmatch,{error,eaddrinuse}},[{ranch_acceptors_sup,init,1,[{file,"src/ranch_acceptors_sup.erl"},{line,30}]},{supervisor,init,1,[{file,"supervisor.erl"},{line,243}]},{gen_server,init_it,6,[{file,"gen_server.erl"},{line,306}]},{proc_lib,init_p_do_apply,3,[{file,"proc_lib.erl"},{line,239}]}]}
     Offender:   [{pid,undefined},{name,ranch_acceptors_sup},{mfargs,{ranch_acceptors_sup,start_link,[http_g17,10,ranch_tcp,[{port,18880},{max_connections,3000}]]}},{restart_type,permanent},{shutdown,infinity},{child_type,supervisor}]

2015-07-15 19:11:11 =SUPERVISOR REPORT====
     Supervisor: {local,tcp_acceptor_sup_tcp_client_handler}
     Context:    shutdown_error
     Reason:     normal
     Offender:   [{nb_children,2},{name,tcp_acceptor},{mfargs,{tcp_acceptor,start_link,[tcp_client_handler]}},{restart_type,transient},{shutdown,brutal_kill},{child_type,worker}]

2015-07-15 19:14:19 =CRASH REPORT====
  crasher:
    initial call: supervisor:ranch_acceptors_sup/1
    pid: <0.201.0>
    registered_name: []
    exception exit: {{{badmatch,{error,eaddrinuse}},[{ranch_acceptors_sup,init,1,[{file,"src/ranch_acceptors_sup.erl"},{line,30}]},{supervisor,init,1,[{file,"supervisor.erl"},{line,243}]},{gen_server,init_it,6,[{file,"gen_server.erl"},{line,306}]},{proc_lib,init_p_do_apply,3,[{file,"proc_lib.erl"},{line,239}]}]},[{gen_server,init_it,6,[{file,"gen_server.erl"},{line,330}]},{proc_lib,init_p_do_apply,3,[{file,"proc_lib.erl"},{line,239}]}]}
    ancestors: [<0.199.0>,ranch_sup,<0.190.0>]
    messages: []
    links: [<0.199.0>]
    dictionary: []
    trap_exit: true
    status: running
    heap_size: 610
    stack_size: 27
    reductions: 649
  neighbours:
2015-07-15 19:14:19 =SUPERVISOR REPORT====
     Supervisor: {<0.199.0>,ranch_listener_sup}
     Context:    start_error
     Reason:     {{badmatch,{error,eaddrinuse}},[{ranch_acceptors_sup,init,1,[{file,"src/ranch_acceptors_sup.erl"},{line,30}]},{supervisor,init,1,[{file,"supervisor.erl"},{line,243}]},{gen_server,init_it,6,[{file,"gen_server.erl"},{line,306}]},{proc_lib,init_p_do_apply,3,[{file,"proc_lib.erl"},{line,239}]}]}
     Offender:   [{pid,undefined},{name,ranch_acceptors_sup},{mfargs,{ranch_acceptors_sup,start_link,[http_g17,10,ranch_tcp,[{port,18880},{max_connections,3000}]]}},{restart_type,permanent},{shutdown,infinity},{child_type,supervisor}]

2015-07-15 19:15:30 =CRASH REPORT====
  crasher:
    initial call: supervisor:ranch_acceptors_sup/1
    pid: <0.201.0>
    registered_name: []
    exception exit: {{{badmatch,{error,eaddrinuse}},[{ranch_acceptors_sup,init,1,[{file,"src/ranch_acceptors_sup.erl"},{line,30}]},{supervisor,init,1,[{file,"supervisor.erl"},{line,243}]},{gen_server,init_it,6,[{file,"gen_server.erl"},{line,306}]},{proc_lib,init_p_do_apply,3,[{file,"proc_lib.erl"},{line,239}]}]},[{gen_server,init_it,6,[{file,"gen_server.erl"},{line,330}]},{proc_lib,init_p_do_apply,3,[{file,"proc_lib.erl"},{line,239}]}]}
    ancestors: [<0.199.0>,ranch_sup,<0.190.0>]
    messages: []
    links: [<0.199.0>]
    dictionary: []
    trap_exit: true
    status: running
    heap_size: 610
    stack_size: 27
    reductions: 649
  neighbours:
2015-07-15 19:15:30 =SUPERVISOR REPORT====
     Supervisor: {<0.199.0>,ranch_listener_sup}
     Context:    start_error
     Reason:     {{badmatch,{error,eaddrinuse}},[{ranch_acceptors_sup,init,1,[{file,"src/ranch_acceptors_sup.erl"},{line,30}]},{supervisor,init,1,[{file,"supervisor.erl"},{line,243}]},{gen_server,init_it,6,[{file,"gen_server.erl"},{line,306}]},{proc_lib,init_p_do_apply,3,[{file,"proc_lib.erl"},{line,239}]}]}
     Offender:   [{pid,undefined},{name,ranch_acceptors_sup},{mfargs,{ranch_acceptors_sup,start_link,[http_g17,10,ranch_tcp,[{port,18880},{max_connections,3000}]]}},{restart_type,permanent},{shutdown,infinity},{child_type,supervisor}]

2015-07-15 20:07:32 =CRASH REPORT====
  crasher:
    initial call: supervisor:ranch_acceptors_sup/1
    pid: <0.199.0>
    registered_name: []
    exception exit: {{{badmatch,{error,eaddrinuse}},[{ranch_acceptors_sup,init,1,[{file,"src/ranch_acceptors_sup.erl"},{line,30}]},{supervisor,init,1,[{file,"supervisor.erl"},{line,243}]},{gen_server,init_it,6,[{file,"gen_server.erl"},{line,306}]},{proc_lib,init_p_do_apply,3,[{file,"proc_lib.erl"},{line,239}]}]},[{gen_server,init_it,6,[{file,"gen_server.erl"},{line,330}]},{proc_lib,init_p_do_apply,3,[{file,"proc_lib.erl"},{line,239}]}]}
    ancestors: [<0.197.0>,ranch_sup,<0.188.0>]
    messages: []
    links: [<0.197.0>]
    dictionary: []
    trap_exit: true
    status: running
    heap_size: 610
    stack_size: 27
    reductions: 649
  neighbours:
2015-07-15 20:07:32 =SUPERVISOR REPORT====
     Supervisor: {<0.197.0>,ranch_listener_sup}
     Context:    start_error
     Reason:     {{badmatch,{error,eaddrinuse}},[{ranch_acceptors_sup,init,1,[{file,"src/ranch_acceptors_sup.erl"},{line,30}]},{supervisor,init,1,[{file,"supervisor.erl"},{line,243}]},{gen_server,init_it,6,[{file,"gen_server.erl"},{line,306}]},{proc_lib,init_p_do_apply,3,[{file,"proc_lib.erl"},{line,239}]}]}
     Offender:   [{pid,undefined},{name,ranch_acceptors_sup},{mfargs,{ranch_acceptors_sup,start_link,[http_g17,10,ranch_tcp,[{port,18880},{max_connections,3000}]]}},{restart_type,permanent},{shutdown,infinity},{child_type,supervisor}]

2015-07-15 20:15:51 =CRASH REPORT====
  crasher:
    initial call: supervisor:ranch_acceptors_sup/1
    pid: <0.201.0>
    registered_name: []
    exception exit: {{{badmatch,{error,eaddrinuse}},[{ranch_acceptors_sup,init,1,[{file,"src/ranch_acceptors_sup.erl"},{line,30}]},{supervisor,init,1,[{file,"supervisor.erl"},{line,243}]},{gen_server,init_it,6,[{file,"gen_server.erl"},{line,306}]},{proc_lib,init_p_do_apply,3,[{file,"proc_lib.erl"},{line,239}]}]},[{gen_server,init_it,6,[{file,"gen_server.erl"},{line,330}]},{proc_lib,init_p_do_apply,3,[{file,"proc_lib.erl"},{line,239}]}]}
    ancestors: [<0.199.0>,ranch_sup,<0.190.0>]
    messages: []
    links: [<0.199.0>]
    dictionary: []
    trap_exit: true
    status: running
    heap_size: 610
    stack_size: 27
    reductions: 649
  neighbours:
2015-07-15 20:15:51 =SUPERVISOR REPORT====
     Supervisor: {<0.199.0>,ranch_listener_sup}
     Context:    start_error
     Reason:     {{badmatch,{error,eaddrinuse}},[{ranch_acceptors_sup,init,1,[{file,"src/ranch_acceptors_sup.erl"},{line,30}]},{supervisor,init,1,[{file,"supervisor.erl"},{line,243}]},{gen_server,init_it,6,[{file,"gen_server.erl"},{line,306}]},{proc_lib,init_p_do_apply,3,[{file,"proc_lib.erl"},{line,239}]}]}
     Offender:   [{pid,undefined},{name,ranch_acceptors_sup},{mfargs,{ranch_acceptors_sup,start_link,[http_g17,10,ranch_tcp,[{port,18880},{max_connections,3000}]]}},{restart_type,permanent},{shutdown,infinity},{child_type,supervisor}]

2015-07-15 20:23:34 =CRASH REPORT====
  crasher:
    initial call: supervisor:ranch_acceptors_sup/1
    pid: <0.199.0>
    registered_name: []
    exception exit: {{{badmatch,{error,eaddrinuse}},[{ranch_acceptors_sup,init,1,[{file,"src/ranch_acceptors_sup.erl"},{line,30}]},{supervisor,init,1,[{file,"supervisor.erl"},{line,243}]},{gen_server,init_it,6,[{file,"gen_server.erl"},{line,306}]},{proc_lib,init_p_do_apply,3,[{file,"proc_lib.erl"},{line,239}]}]},[{gen_server,init_it,6,[{file,"gen_server.erl"},{line,330}]},{proc_lib,init_p_do_apply,3,[{file,"proc_lib.erl"},{line,239}]}]}
    ancestors: [<0.197.0>,ranch_sup,<0.188.0>]
    messages: []
    links: [<0.197.0>]
    dictionary: []
    trap_exit: true
    status: running
    heap_size: 610
    stack_size: 27
    reductions: 649
  neighbours:
2015-07-15 20:23:34 =SUPERVISOR REPORT====
     Supervisor: {<0.197.0>,ranch_listener_sup}
     Context:    start_error
     Reason:     {{badmatch,{error,eaddrinuse}},[{ranch_acceptors_sup,init,1,[{file,"src/ranch_acceptors_sup.erl"},{line,30}]},{supervisor,init,1,[{file,"supervisor.erl"},{line,243}]},{gen_server,init_it,6,[{file,"gen_server.erl"},{line,306}]},{proc_lib,init_p_do_apply,3,[{file,"proc_lib.erl"},{line,239}]}]}
     Offender:   [{pid,undefined},{name,ranch_acceptors_sup},{mfargs,{ranch_acceptors_sup,start_link,[http_g17,10,ranch_tcp,[{port,18880},{max_connections,3000}]]}},{restart_type,permanent},{shutdown,infinity},{child_type,supervisor}]

2015-07-15 20:26:30 =CRASH REPORT====
  crasher:
    initial call: supervisor:ranch_acceptors_sup/1
    pid: <0.555.0>
    registered_name: []
    exception exit: {{{badmatch,{error,eaddrinuse}},[{ranch_acceptors_sup,init,1,[{file,"src/ranch_acceptors_sup.erl"},{line,30}]},{supervisor,init,1,[{file,"supervisor.erl"},{line,243}]},{gen_server,init_it,6,[{file,"gen_server.erl"},{line,306}]},{proc_lib,init_p_do_apply,3,[{file,"proc_lib.erl"},{line,239}]}]},[{gen_server,init_it,6,[{file,"gen_server.erl"},{line,330}]},{proc_lib,init_p_do_apply,3,[{file,"proc_lib.erl"},{line,239}]}]}
    ancestors: [<0.553.0>,ranch_sup,<0.544.0>]
    messages: []
    links: [<0.553.0>]
    dictionary: []
    trap_exit: true
    status: running
    heap_size: 610
    stack_size: 27
    reductions: 649
  neighbours:
2015-07-15 20:26:30 =SUPERVISOR REPORT====
     Supervisor: {<0.553.0>,ranch_listener_sup}
     Context:    start_error
     Reason:     {{badmatch,{error,eaddrinuse}},[{ranch_acceptors_sup,init,1,[{file,"src/ranch_acceptors_sup.erl"},{line,30}]},{supervisor,init,1,[{file,"supervisor.erl"},{line,243}]},{gen_server,init_it,6,[{file,"gen_server.erl"},{line,306}]},{proc_lib,init_p_do_apply,3,[{file,"proc_lib.erl"},{line,239}]}]}
     Offender:   [{pid,undefined},{name,ranch_acceptors_sup},{mfargs,{ranch_acceptors_sup,start_link,[http_g17,10,ranch_tcp,[{port,18880},{max_connections,3000}]]}},{restart_type,permanent},{shutdown,infinity},{child_type,supervisor}]

2015-07-15 20:32:08 =CRASH REPORT====
  crasher:
    initial call: supervisor:ranch_acceptors_sup/1
    pid: <0.195.0>
    registered_name: []
    exception exit: {{{badmatch,{error,eaddrinuse}},[{ranch_acceptors_sup,init,1,[{file,"src/ranch_acceptors_sup.erl"},{line,30}]},{supervisor,init,1,[{file,"supervisor.erl"},{line,243}]},{gen_server,init_it,6,[{file,"gen_server.erl"},{line,306}]},{proc_lib,init_p_do_apply,3,[{file,"proc_lib.erl"},{line,239}]}]},[{gen_server,init_it,6,[{file,"gen_server.erl"},{line,330}]},{proc_lib,init_p_do_apply,3,[{file,"proc_lib.erl"},{line,239}]}]}
    ancestors: [<0.193.0>,ranch_sup,<0.184.0>]
    messages: []
    links: [<0.193.0>]
    dictionary: []
    trap_exit: true
    status: running
    heap_size: 610
    stack_size: 27
    reductions: 649
  neighbours:
2015-07-15 20:32:08 =SUPERVISOR REPORT====
     Supervisor: {<0.193.0>,ranch_listener_sup}
     Context:    start_error
     Reason:     {{badmatch,{error,eaddrinuse}},[{ranch_acceptors_sup,init,1,[{file,"src/ranch_acceptors_sup.erl"},{line,30}]},{supervisor,init,1,[{file,"supervisor.erl"},{line,243}]},{gen_server,init_it,6,[{file,"gen_server.erl"},{line,306}]},{proc_lib,init_p_do_apply,3,[{file,"proc_lib.erl"},{line,239}]}]}
     Offender:   [{pid,undefined},{name,ranch_acceptors_sup},{mfargs,{ranch_acceptors_sup,start_link,[http_g17,10,ranch_tcp,[{port,18880},{max_connections,3000}]]}},{restart_type,permanent},{shutdown,infinity},{child_type,supervisor}]

2015-07-15 20:33:20 =CRASH REPORT====
  crasher:
    initial call: supervisor:ranch_acceptors_sup/1
    pid: <0.201.0>
    registered_name: []
    exception exit: {{{badmatch,{error,eaddrinuse}},[{ranch_acceptors_sup,init,1,[{file,"src/ranch_acceptors_sup.erl"},{line,30}]},{supervisor,init,1,[{file,"supervisor.erl"},{line,243}]},{gen_server,init_it,6,[{file,"gen_server.erl"},{line,306}]},{proc_lib,init_p_do_apply,3,[{file,"proc_lib.erl"},{line,239}]}]},[{gen_server,init_it,6,[{file,"gen_server.erl"},{line,330}]},{proc_lib,init_p_do_apply,3,[{file,"proc_lib.erl"},{line,239}]}]}
    ancestors: [<0.199.0>,ranch_sup,<0.190.0>]
    messages: []
    links: [<0.199.0>]
    dictionary: []
    trap_exit: true
    status: running
    heap_size: 610
    stack_size: 27
    reductions: 649
  neighbours:
2015-07-15 20:33:20 =SUPERVISOR REPORT====
     Supervisor: {<0.199.0>,ranch_listener_sup}
     Context:    start_error
     Reason:     {{badmatch,{error,eaddrinuse}},[{ranch_acceptors_sup,init,1,[{file,"src/ranch_acceptors_sup.erl"},{line,30}]},{supervisor,init,1,[{file,"supervisor.erl"},{line,243}]},{gen_server,init_it,6,[{file,"gen_server.erl"},{line,306}]},{proc_lib,init_p_do_apply,3,[{file,"proc_lib.erl"},{line,239}]}]}
     Offender:   [{pid,undefined},{name,ranch_acceptors_sup},{mfargs,{ranch_acceptors_sup,start_link,[http_g17,10,ranch_tcp,[{port,18880},{max_connections,3000}]]}},{restart_type,permanent},{shutdown,infinity},{child_type,supervisor}]

2015-07-16 09:45:15 =CRASH REPORT====
  crasher:
    initial call: supervisor:ranch_acceptors_sup/1
    pid: <0.201.0>
    registered_name: []
    exception exit: {{{badmatch,{error,eaddrinuse}},[{ranch_acceptors_sup,init,1,[{file,"src/ranch_acceptors_sup.erl"},{line,30}]},{supervisor,init,1,[{file,"supervisor.erl"},{line,243}]},{gen_server,init_it,6,[{file,"gen_server.erl"},{line,306}]},{proc_lib,init_p_do_apply,3,[{file,"proc_lib.erl"},{line,239}]}]},[{gen_server,init_it,6,[{file,"gen_server.erl"},{line,330}]},{proc_lib,init_p_do_apply,3,[{file,"proc_lib.erl"},{line,239}]}]}
    ancestors: [<0.199.0>,ranch_sup,<0.190.0>]
    messages: []
    links: [<0.199.0>]
    dictionary: []
    trap_exit: true
    status: running
    heap_size: 610
    stack_size: 27
    reductions: 649
  neighbours:
2015-07-16 09:45:15 =SUPERVISOR REPORT====
     Supervisor: {<0.199.0>,ranch_listener_sup}
     Context:    start_error
     Reason:     {{badmatch,{error,eaddrinuse}},[{ranch_acceptors_sup,init,1,[{file,"src/ranch_acceptors_sup.erl"},{line,30}]},{supervisor,init,1,[{file,"supervisor.erl"},{line,243}]},{gen_server,init_it,6,[{file,"gen_server.erl"},{line,306}]},{proc_lib,init_p_do_apply,3,[{file,"proc_lib.erl"},{line,239}]}]}
     Offender:   [{pid,undefined},{name,ranch_acceptors_sup},{mfargs,{ranch_acceptors_sup,start_link,[http_g17,10,ranch_tcp,[{port,18880},{max_connections,3000}]]}},{restart_type,permanent},{shutdown,infinity},{child_type,supervisor}]

2015-07-16 10:27:37 =CRASH REPORT====
  crasher:
    initial call: supervisor:ranch_acceptors_sup/1
    pid: <0.458.0>
    registered_name: []
    exception exit: {{{badmatch,{error,eaddrinuse}},[{ranch_acceptors_sup,init,1,[{file,"src/ranch_acceptors_sup.erl"},{line,30}]},{supervisor,init,1,[{file,"supervisor.erl"},{line,243}]},{gen_server,init_it,6,[{file,"gen_server.erl"},{line,306}]},{proc_lib,init_p_do_apply,3,[{file,"proc_lib.erl"},{line,239}]}]},[{gen_server,init_it,6,[{file,"gen_server.erl"},{line,330}]},{proc_lib,init_p_do_apply,3,[{file,"proc_lib.erl"},{line,239}]}]}
    ancestors: [<0.455.0>,ranch_sup,<0.419.0>]
    messages: []
    links: [<0.455.0>]
    dictionary: []
    trap_exit: true
    status: running
    heap_size: 610
    stack_size: 27
    reductions: 649
  neighbours:
2015-07-16 10:27:37 =SUPERVISOR REPORT====
     Supervisor: {<0.455.0>,ranch_listener_sup}
     Context:    start_error
     Reason:     {{badmatch,{error,eaddrinuse}},[{ranch_acceptors_sup,init,1,[{file,"src/ranch_acceptors_sup.erl"},{line,30}]},{supervisor,init,1,[{file,"supervisor.erl"},{line,243}]},{gen_server,init_it,6,[{file,"gen_server.erl"},{line,306}]},{proc_lib,init_p_do_apply,3,[{file,"proc_lib.erl"},{line,239}]}]}
     Offender:   [{pid,undefined},{name,ranch_acceptors_sup},{mfargs,{ranch_acceptors_sup,start_link,[http_g17,10,ranch_tcp,[{port,18880},{max_connections,3000}]]}},{restart_type,permanent},{shutdown,infinity},{child_type,supervisor}]

